%!Adobe-FontList 1.24
%Locale:0x409

%BeginFont
Handler:DirectoryHandler
FontType:Invalid
OutlineFileName:/Users/luanmaitan/Desktop/Pasta LOVE_CHAMADO_AJUST11/Document fonts/AdobeFnt16.lst
FileLength:1786
FileModTime:767291323
%EndFont

%BeginFont
Handler:DirectoryHandler
FontType:Invalid
OutlineFileName:/Users/luanmaitan/Desktop/Pasta LOVE_CHAMADO_AJUST11/Document fonts/AdobeFnt24.lst
FileLength:2510
FileModTime:778083780
%EndFont

%BeginFont
Handler:DirectoryHandler
FontType:Type1
FontName:Formular-Bold
FamilyName:Formular
StyleName:Bold
MenuName:Formular
StyleBits:2
WeightClass:700
WidthClass:5
AngleClass:0
FullName:Formular Bold
WritingScript:Roman
OutlineFileName:/Users/luanmaitan/Desktop/Pasta LOVE_CHAMADO_AJUST11/Document fonts/Formular-Bold.otf
DataFormat:sfntData
UsesStandardEncoding:yes
isCFF:yes
hasSVG:no
hasSBIX:no
hasCOLR:no
VariableFontType:NonVariableFont
FileLength:150252
FileModTime:702335494
NameArray:0,Mac,18,Formular Bold
NameArray:0,Mac,4,Formular Bold
NameArray:0,Win,1,Formular
NameArray:0,Win,16,Formular
%EndFont

%BeginFont
Handler:DirectoryHandler
FontType:TrueType
FontName:TimesNewRomanPSMT
FamilyName:Times New Roman
StyleName:Regular
MenuName:Times New Roman
StyleBits:0
WeightClass:400
WidthClass:5
AngleClass:0
FullName:Times New Roman
WritingScript:Roman
OutlineFileName:/Users/luanmaitan/Desktop/Pasta LOVE_CHAMADO_AJUST11/Document fonts/Times New Roman.ttf
DataFormat:sfntData
hasSVG:no
hasSBIX:no
hasCOLR:no
VariableFontType:NonVariableFont
FileLength:834452
FileModTime:576375598
NameArray:0,Mac,4,Times New Roman
NameArray:0,Win,1,Times New Roman
%EndFont

%BeginFont
Handler:DirectoryHandler
FontType:TrueType
FontName:PTMono-Bold
FamilyName:PT Mono
StyleName:Bold
MenuName:PT Mono
StyleBits:2
WeightClass:700
WidthClass:5
AngleClass:0
FullName:PT Mono Bold
WritingScript:Roman
OutlineFileName:/Users/luanmaitan/Desktop/Pasta LOVE_CHAMADO_AJUST11/Document fonts/PTMono.ttc
TTCOffset:32
DataFormat:sfntData
hasSVG:no
hasSBIX:no
hasCOLR:no
VariableFontType:NonVariableFont
FileLength:315876
FileModTime:576375598
NameArray:0,Mac,18,PT Mono Bold
NameArray:0,Mac,4,PT Mono Bold
NameArray:0,Win,1,PT Mono
%EndFont

%BeginFont
Handler:DirectoryHandler
FontType:TrueType
FontName:PTMono-Regular
FamilyName:PT Mono
StyleName:Regular
MenuName:PT Mono
StyleBits:0
WeightClass:400
WidthClass:5
AngleClass:0
FullName:PT Mono
WritingScript:Roman
OutlineFileName:/Users/luanmaitan/Desktop/Pasta LOVE_CHAMADO_AJUST11/Document fonts/PTMono.ttc
TTCOffset:316
DataFormat:sfntData
hasSVG:no
hasSBIX:no
hasCOLR:no
VariableFontType:NonVariableFont
FileLength:315876
FileModTime:576375598
NameArray:0,Mac,18,PT Mono
NameArray:0,Mac,4,PT Mono
NameArray:0,Win,1,PT Mono
%EndFont

